# JRE version: OpenJDK Runtime Environment Microsoft-11933218 (21.0.8+9) (build 21.0.8+9-LTS)
# Java VM: OpenJDK 64-Bit Server VM Microsoft-11933218 (21.0.8+9-LTS, mixed mode, sharing, tiered, compressed oops, compressed class ptrs, g1 gc, windows-amd64)
GC Precious Log:
 CardTable entry size: 512
 Card Set container configuration: InlinePtr #cards 4 size 8 Array Of Cards #cards 32 size 80 Howl #buckets 8 coarsen threshold 7372 Howl Bitmap #cards 1024 size 144 coarsen threshold 921 Card regions per heap region 1 cards per card region 8192
 CPUs: 12 total, 12 available
 Memory: 32072M
 Large Page Support: Disabled
 NUMA Support: Disabled
 Compressed Oops: Enabled (Zero based)
 Heap Region Size: 4M
 Heap Min Capacity: 8M
 Heap Initial Capacity: 504M
 Heap Max Capacity: 8020M
 Pre-touch: Disabled
 Parallel Workers: 10
 Concurrent Workers: 3
 Concurrent Refinement Workers: 10
 Periodic GC: Disabled
Heap:
 garbage-first heap   total 98304K, used 65467K [0x000000060ac00000, 0x0000000800000000)
  region size 4096K, 12 young (49152K), 2 survivors (8192K)
 Metaspace       used 42031K, committed 42752K, reserved 1114112K
  class space    used 5272K, committed 5568K, reserved 1048576K
GC Heap History (20 events):
Event: 1.066 GC heap before
{Heap before GC invocations=0 (full 0):
 garbage-first heap   total 516096K, used 28672K [0x000000060ac00000, 0x0000000800000000)
  region size 4096K, 6 young (24576K), 0 survivors (0K)
 Metaspace       used 9996K, committed 10240K, reserved 1114112K
  class space    used 1083K, committed 1216K, reserved 1048576K
}
Event: 1.070 GC heap after
{Heap after GC invocations=1 (full 0):
 garbage-first heap   total 516096K, used 16051K [0x000000060ac00000, 0x0000000800000000)
  region size 4096K, 1 young (4096K), 1 survivors (4096K)
 Metaspace       used 9996K, committed 10240K, reserved 1114112K
  class space    used 1083K, committed 1216K, reserved 1048576K
}
Event: 1.426 GC heap before
{Heap before GC invocations=1 (full 0):
 garbage-first heap   total 516096K, used 36531K [0x000000060ac00000, 0x0000000800000000)
  region size 4096K, 6 young (24576K), 1 survivors (4096K)
 Metaspace       used 15817K, committed 16192K, reserved 1114112K
  class space    used 1711K, committed 1856K, reserved 1048576K
}
Event: 1.429 GC heap after
{Heap after GC invocations=2 (full 0):
 garbage-first heap   total 516096K, used 19274K [0x000000060ac00000, 0x0000000800000000)
  region size 4096K, 1 young (4096K), 1 survivors (4096K)
 Metaspace       used 15817K, committed 16192K, reserved 1114112K
  class space    used 1711K, committed 1856K, reserved 1048576K
}
Event: 1.977 GC heap before
{Heap before GC invocations=2 (full 0):
 garbage-first heap   total 516096K, used 27466K [0x000000060ac00000, 0x0000000800000000)
  region size 4096K, 4 young (16384K), 1 survivors (4096K)
 Metaspace       used 21133K, committed 21504K, reserved 1114112K
  class space    used 2403K, committed 2560K, reserved 1048576K
}
Event: 1.979 GC heap after
{Heap after GC invocations=3 (full 0):
 garbage-first heap   total 516096K, used 21425K [0x000000060ac00000, 0x0000000800000000)
  region size 4096K, 2 young (8192K), 2 survivors (8192K)
 Metaspace       used 21133K, committed 21504K, reserved 1114112K
  class space    used 2403K, committed 2560K, reserved 1048576K
}
Event: 2.279 GC heap before
{Heap before GC invocations=4 (full 0):
 garbage-first heap   total 81920K, used 74673K [0x000000060ac00000, 0x0000000800000000)
  region size 4096K, 11 young (45056K), 2 survivors (8192K)
 Metaspace       used 23102K, committed 23552K, reserved 1114112K
  class space    used 2658K, committed 2880K, reserved 1048576K
}
Event: 2.282 GC heap after
{Heap after GC invocations=5 (full 0):
 garbage-first heap   total 90112K, used 43261K [0x000000060ac00000, 0x0000000800000000)
  region size 4096K, 1 young (4096K), 1 survivors (4096K)
 Metaspace       used 23102K, committed 23552K, reserved 1114112K
  class space    used 2658K, committed 2880K, reserved 1048576K
}
Event: 2.311 GC heap before
{Heap before GC invocations=5 (full 0):
 garbage-first heap   total 90112K, used 71933K [0x000000060ac00000, 0x0000000800000000)
  region size 4096K, 8 young (32768K), 1 survivors (4096K)
 Metaspace       used 23103K, committed 23552K, reserved 1114112K
  class space    used 2658K, committed 2880K, reserved 1048576K
}
Event: 2.313 GC heap after
{Heap after GC invocations=6 (full 0):
 garbage-first heap   total 90112K, used 42860K [0x000000060ac00000, 0x0000000800000000)
  region size 4096K, 1 young (4096K), 1 survivors (4096K)
 Metaspace       used 23103K, committed 23552K, reserved 1114112K
  class space    used 2658K, committed 2880K, reserved 1048576K
}
Event: 2.343 GC heap before
{Heap before GC invocations=7 (full 0):
 garbage-first heap   total 90112K, used 71532K [0x000000060ac00000, 0x0000000800000000)
  region size 4096K, 8 young (32768K), 1 survivors (4096K)
 Metaspace       used 23103K, committed 23552K, reserved 1114112K
  class space    used 2658K, committed 2880K, reserved 1048576K
}
Event: 2.344 GC heap after
{Heap after GC invocations=8 (full 0):
 garbage-first heap   total 90112K, used 42842K [0x000000060ac00000, 0x0000000800000000)
  region size 4096K, 1 young (4096K), 1 survivors (4096K)
 Metaspace       used 23103K, committed 23552K, reserved 1114112K
  class space    used 2658K, committed 2880K, reserved 1048576K
}
Event: 2.368 GC heap before
{Heap before GC invocations=8 (full 0):
 garbage-first heap   total 90112K, used 71514K [0x000000060ac00000, 0x0000000800000000)
  region size 4096K, 8 young (32768K), 1 survivors (4096K)
 Metaspace       used 23103K, committed 23552K, reserved 1114112K
  class space    used 2658K, committed 2880K, reserved 1048576K
}
Event: 2.369 GC heap after
{Heap after GC invocations=9 (full 0):
 garbage-first heap   total 90112K, used 42837K [0x000000060ac00000, 0x0000000800000000)
  region size 4096K, 1 young (4096K), 1 survivors (4096K)
 Metaspace       used 23103K, committed 23552K, reserved 1114112K
  class space    used 2658K, committed 2880K, reserved 1048576K
}
Event: 2.398 GC heap before
{Heap before GC invocations=10 (full 0):
 garbage-first heap   total 90112K, used 71509K [0x000000060ac00000, 0x0000000800000000)
  region size 4096K, 8 young (32768K), 1 survivors (4096K)
 Metaspace       used 23103K, committed 23552K, reserved 1114112K
  class space    used 2658K, committed 2880K, reserved 1048576K
}
Event: 2.399 GC heap after
{Heap after GC invocations=11 (full 0):
 garbage-first heap   total 90112K, used 42819K [0x000000060ac00000, 0x0000000800000000)
  region size 4096K, 1 young (4096K), 1 survivors (4096K)
 Metaspace       used 23103K, committed 23552K, reserved 1114112K
  class space    used 2658K, committed 2880K, reserved 1048576K
}
Event: 3.684 GC heap before
{Heap before GC invocations=11 (full 0):
 garbage-first heap   total 90112K, used 71491K [0x000000060ac00000, 0x0000000800000000)
  region size 4096K, 8 young (32768K), 1 survivors (4096K)
 Metaspace       used 26190K, committed 26688K, reserved 1114112K
  class space    used 3017K, committed 3264K, reserved 1048576K
}
Event: 3.685 GC heap after
{Heap after GC invocations=12 (full 0):
 garbage-first heap   total 303104K, used 23174K [0x000000060ac00000, 0x0000000800000000)
  region size 4096K, 1 young (4096K), 1 survivors (4096K)
 Metaspace       used 26190K, committed 26688K, reserved 1114112K
  class space    used 3017K, committed 3264K, reserved 1048576K
}
Event: 7.398 GC heap before
{Heap before GC invocations=13 (full 0):
 garbage-first heap   total 98304K, used 76422K [0x000000060ac00000, 0x0000000800000000)
  region size 4096K, 14 young (57344K), 1 survivors (4096K)
 Metaspace       used 37398K, committed 38016K, reserved 1114112K
  class space    used 4665K, committed 4928K, reserved 1048576K
}
Event: 7.400 GC heap after
{Heap after GC invocations=14 (full 0):
 garbage-first heap   total 98304K, used 32699K [0x000000060ac00000, 0x0000000800000000)
  region size 4096K, 2 young (8192K), 2 survivors (8192K)
 Metaspace       used 37398K, committed 38016K, reserved 1114112K
  class space    used 4665K, committed 4928K, reserved 1048576K
}

